<?xml version="1.0"?>
<Invoice xmlns="urn:oasis:names:specification:ubl:schema:xsd:Invoice-2" xmlns:cac="urn:oasis:names:specification:ubl:schema:xsd:CommonAggregateComponents-2" xmlns:cbc="urn:oasis:names:specification:ubl:schema:xsd:CommonBasicComponents-2" xmlns:ext="urn:oasis:names:specification:ubl:schema:xsd:CommonExtensionComponents-2">
 <cbc:ProfileID>reporting:1.0</cbc:ProfileID>
 <cbc:ID>SME00023</cbc:ID>
 <cbc:UUID>3cf5ee18-ee25-44ea-a444-2c37ba7f28be</cbc:UUID>
 <cbc:IssueDate>2023-12-18</cbc:IssueDate>
 <cbc:IssueTime>06:32:22</cbc:IssueTime>
 <cbc:InvoiceTypeCode name="0100000">388</cbc:InvoiceTypeCode>
 <cbc:DocumentCurrencyCode>SAR</cbc:DocumentCurrencyCode>
 <cbc:TaxCurrencyCode>SAR</cbc:TaxCurrencyCode>
 <cac:AdditionalDocumentReference>
  <cbc:ID>ICV</cbc:ID>
  <cbc:UUID>23</cbc:UUID>
 </cac:AdditionalDocumentReference>
 <cac:AdditionalDocumentReference>
  <cbc:ID>PIH</cbc:ID>
  <cac:Attachment>
   <cbc:EmbeddedDocumentBinaryObject mimeCode="text/plain">NWZlY2ViNjZmZmM4NmYzOGQ5NTI3ODZjNmQ2OTZjNzljMmRiYzIzOWRkNGU5MWI0NjcyOWQ3M2EyN2ZiNTdlOQ==</cbc:EmbeddedDocumentBinaryObject>
  </cac:Attachment>
 </cac:AdditionalDocumentReference>
 <cac:AdditionalDocumentReference>
  <cbc:ID>QR</cbc:ID>
 </cac:AdditionalDocumentReference>
 <cac:Signature>
  <cbc:ID>urn:oasis:names:specification:ubl:signature:Invoice</cbc:ID>
  <cbc:SignatureMethod>urn:oasis:names:specification:ubl:dsig:enveloped:xades</cbc:SignatureMethod>
 </cac:Signature>
 <cac:AccountingSupplierParty>
  <cac:Party>
   <cac:PartyIdentification>
    <cbc:ID schemeID="CRN">311111122111113</cbc:ID>
   </cac:PartyIdentification>
   <cac:PostalAddress>
    <cbc:StreetName>Supplier Street</cbc:StreetName>
    <cbc:BuildingNumber>2354</cbc:BuildingNumber>
    <cbc:PlotIdentification>2354</cbc:PlotIdentification>
    <cbc:CitySubdivisionName>Riyadh</cbc:CitySubdivisionName>
    <cbc:CityName>Riyadh</cbc:CityName>
    <cbc:PostalZone>23344</cbc:PostalZone>
    <cac:Country>
     <cbc:IdentificationCode>SA</cbc:IdentificationCode>
    </cac:Country>
   </cac:PostalAddress>
   <cac:PartyTaxScheme>
    <cbc:CompanyID>311111122111113</cbc:CompanyID>
    <cac:TaxScheme>
     <cbc:ID>VAT</cbc:ID>
    </cac:TaxScheme>
   </cac:PartyTaxScheme>
   <cac:PartyLegalEntity>
    <cbc:RegistrationName>Supplier Company Name</cbc:RegistrationName>
   </cac:PartyLegalEntity>
  </cac:Party>
 </cac:AccountingSupplierParty>
 <cac:AccountingCustomerParty>
  <cac:Party>
   <cac:PartyIdentification>
    <cbc:ID schemeID="CRN">307895248524443</cbc:ID>
   </cac:PartyIdentification>
   <cac:PostalAddress>
    <cbc:StreetName>No Street Given</cbc:StreetName>
    <cbc:BuildingNumber>0000</cbc:BuildingNumber>
    <cbc:PlotIdentification>0000</cbc:PlotIdentification>
    <cbc:CitySubdivisionName>Riyadh</cbc:CitySubdivisionName>
    <cbc:CityName>Riyadh</cbc:CityName>
    <cbc:PostalZone>          </cbc:PostalZone>
    <cac:Country>
     <cbc:IdentificationCode>SA        </cbc:IdentificationCode>
    </cac:Country>
   </cac:PostalAddress>
   <cac:PartyTaxScheme>
    <cbc:CompanyID>307895248524443</cbc:CompanyID>
    <cac:TaxScheme>
     <cbc:ID>VAT</cbc:ID>
    </cac:TaxScheme>
   </cac:PartyTaxScheme>
   <cac:PartyLegalEntity>
    <cbc:RegistrationName>Hanbas restaurant</cbc:RegistrationName>
   </cac:PartyLegalEntity>
  </cac:Party>
 </cac:AccountingCustomerParty>
 <cac:Delivery>
  <cbc:ActualDeliveryDate>2022-09-07</cbc:ActualDeliveryDate>
 </cac:Delivery>
 <cac:PaymentMeans>
  <cbc:PaymentMeansCode>10</cbc:PaymentMeansCode>
 </cac:PaymentMeans>
 <cac:AllowanceCharge>
  <cbc:ChargeIndicator>false</cbc:ChargeIndicator>
  <cbc:AllowanceChargeReason>discount</cbc:AllowanceChargeReason>
  <cbc:Amount currencyID="SAR">0.00</cbc:Amount>
  <cac:TaxCategory>
   <cbc:ID schemeID="UN/ECE 5305" schemeAgencyID="6">S</cbc:ID>
   <cbc:Percent>15</cbc:Percent>
   <cac:TaxScheme>
    <cbc:ID schemeID="UN/ECE 5153" schemeAgencyID="6">VAT</cbc:ID>
   </cac:TaxScheme>
  </cac:TaxCategory>
 </cac:AllowanceCharge>
 <cac:TaxTotal>
  <cbc:TaxAmount currencyID="SAR">163.8</cbc:TaxAmount>
 </cac:TaxTotal>
 <cac:TaxTotal>
  <cbc:TaxAmount currencyID="SAR">163.80</cbc:TaxAmount>
  <cac:TaxSubtotal>
   <cbc:TaxableAmount currencyID="SAR">1710.00</cbc:TaxableAmount>
   <cbc:TaxAmount currencyID="SAR">163.80</cbc:TaxAmount>
   <cac:TaxCategory>
    <cbc:ID schemeID="UN/ECE 5305" schemeAgencyID="6">S</cbc:ID>
    <cbc:Percent>15</cbc:Percent>
    <cac:TaxScheme>
     <cbc:ID schemeID="UN/ECE 5153" schemeAgencyID="6">VAT</cbc:ID>
    </cac:TaxScheme>
   </cac:TaxCategory>
  </cac:TaxSubtotal>
 </cac:TaxTotal>
 <cac:LegalMonetaryTotal>
  <cbc:LineExtensionAmount currencyID="SAR">1710.00</cbc:LineExtensionAmount>
  <cbc:TaxExclusiveAmount currencyID="SAR">1710.00</cbc:TaxExclusiveAmount>
  <cbc:TaxInclusiveAmount currencyID="SAR">1966.50</cbc:TaxInclusiveAmount>
  <cbc:AllowanceTotalAmount currencyID="SAR">0.00</cbc:AllowanceTotalAmount>
  <cbc:PrepaidAmount currencyID="SAR">0.00</cbc:PrepaidAmount>
  <cbc:PayableAmount currencyID="SAR">1966.50</cbc:PayableAmount>
 </cac:LegalMonetaryTotal>
 <cac:InvoiceLine>
  <cbc:ID>515</cbc:ID>
  <cbc:InvoicedQuantity unitCode="PCE">1.000000</cbc:InvoicedQuantity>
  <cbc:LineExtensionAmount currencyID="SAR">108.00</cbc:LineExtensionAmount>
  <cac:TaxTotal>
   <cbc:TaxAmount currencyID="SAR">16.20</cbc:TaxAmount>
   <cbc:RoundingAmount currencyID="SAR">124.20</cbc:RoundingAmount>
  </cac:TaxTotal>
  <cac:Item>
   <cbc:Name>Almarai Pure Butter Ghee (400 GM * 6 Piece)</cbc:Name>
   <cac:ClassifiedTaxCategory>
    <cbc:ID>S</cbc:ID>
    <cbc:Percent>15.00</cbc:Percent>
    <cac:TaxScheme>
     <cbc:ID>VAT</cbc:ID>
    </cac:TaxScheme>
   </cac:ClassifiedTaxCategory>
  </cac:Item>
  <cac:Price>
   <cbc:PriceAmount currencyID="SAR">108.00</cbc:PriceAmount>
   <cac:AllowanceCharge>
        <cbc:ChargeIndicator>true</cbc:ChargeIndicator>
        <cbc:AllowanceChargeReason>discount</cbc:AllowanceChargeReason>
        <cbc:Amount currencyID="SAR">0.00</cbc:Amount>
    </cac:AllowanceCharge>
  </cac:Price>
 </cac:InvoiceLine>
 <cac:InvoiceLine>
  <cbc:ID>144</cbc:ID>
  <cbc:InvoicedQuantity unitCode="PCE">1.000000</cbc:InvoicedQuantity>
  <cbc:LineExtensionAmount currencyID="SAR">68.00</cbc:LineExtensionAmount>
  <cac:TaxTotal>
   <cbc:TaxAmount currencyID="SAR">10.20</cbc:TaxAmount>
   <cbc:RoundingAmount currencyID="SAR">78.20</cbc:RoundingAmount>
  </cac:TaxTotal>
  <cac:Item>
   <cbc:Name>Saudia Tomato Paste (135 GM * 48 Piece)</cbc:Name>
   <cac:ClassifiedTaxCategory>
    <cbc:ID>S</cbc:ID>
    <cbc:Percent>15.00</cbc:Percent>
    <cac:TaxScheme>
     <cbc:ID>VAT</cbc:ID>
    </cac:TaxScheme>
   </cac:ClassifiedTaxCategory>
  </cac:Item>
  <cac:Price>
   <cbc:PriceAmount currencyID="SAR">68.00</cbc:PriceAmount>
   <cac:AllowanceCharge>
        <cbc:ChargeIndicator>true</cbc:ChargeIndicator>
        <cbc:AllowanceChargeReason>discount</cbc:AllowanceChargeReason>
        <cbc:Amount currencyID="SAR">0.00</cbc:Amount>
    </cac:AllowanceCharge>
  </cac:Price>
 </cac:InvoiceLine>
 <cac:InvoiceLine>
  <cbc:ID>473</cbc:ID>
  <cbc:InvoicedQuantity unitCode="PCE">1.000000</cbc:InvoicedQuantity>
  <cbc:LineExtensionAmount currencyID="SAR">92.00</cbc:LineExtensionAmount>
  <cac:TaxTotal>
   <cbc:TaxAmount currencyID="SAR">13.80</cbc:TaxAmount>
   <cbc:RoundingAmount currencyID="SAR">105.80</cbc:RoundingAmount>
  </cac:TaxTotal>
  <cac:Item>
   <cbc:Name>Shams Sunflower Oil (1.5 LI * 6.00 Piece)</cbc:Name>
   <cac:ClassifiedTaxCategory>
    <cbc:ID>S</cbc:ID>
    <cbc:Percent>15.00</cbc:Percent>
    <cac:TaxScheme>
     <cbc:ID>VAT</cbc:ID>
    </cac:TaxScheme>
   </cac:ClassifiedTaxCategory>
  </cac:Item>
  <cac:Price>
   <cbc:PriceAmount currencyID="SAR">92.00</cbc:PriceAmount>
   <cac:AllowanceCharge>
        <cbc:ChargeIndicator>true</cbc:ChargeIndicator>
        <cbc:AllowanceChargeReason>discount</cbc:AllowanceChargeReason>
        <cbc:Amount currencyID="SAR">0.00</cbc:Amount>
    </cac:AllowanceCharge>
  </cac:Price>
 </cac:InvoiceLine>
 <cac:InvoiceLine>
  <cbc:ID>799</cbc:ID>
  <cbc:InvoicedQuantity unitCode="PCE">2.000000</cbc:InvoicedQuantity>
  <cbc:LineExtensionAmount currencyID="SAR">350.00</cbc:LineExtensionAmount>
  <cac:TaxTotal>
   <cbc:TaxAmount currencyID="SAR">52.50</cbc:TaxAmount>
   <cbc:RoundingAmount currencyID="SAR">402.50</cbc:RoundingAmount>
  </cac:TaxTotal>
  <cac:Item>
   <cbc:Name>Freshly Nacho Sliced Jalapeno Peppers (3.8 KG * 4 Piece)</cbc:Name>
   <cac:ClassifiedTaxCategory>
    <cbc:ID>S</cbc:ID>
    <cbc:Percent>15.00</cbc:Percent>
    <cac:TaxScheme>
     <cbc:ID>VAT</cbc:ID>
    </cac:TaxScheme>
   </cac:ClassifiedTaxCategory>
  </cac:Item>
  <cac:Price>
   <cbc:PriceAmount currencyID="SAR">175.00</cbc:PriceAmount>
   <cac:AllowanceCharge>
        <cbc:ChargeIndicator>true</cbc:ChargeIndicator>
        <cbc:AllowanceChargeReason>discount</cbc:AllowanceChargeReason>
        <cbc:Amount currencyID="SAR">0.00</cbc:Amount>
    </cac:AllowanceCharge>
  </cac:Price>
 </cac:InvoiceLine>
 <cac:InvoiceLine>
  <cbc:ID>891</cbc:ID>
  <cbc:InvoicedQuantity unitCode="PCE">4.000000</cbc:InvoicedQuantity>
  <cbc:LineExtensionAmount currencyID="SAR">1092.00</cbc:LineExtensionAmount>
  <cac:TaxTotal>
   <cbc:TaxAmount currencyID="SAR">163.80</cbc:TaxAmount>
   <cbc:RoundingAmount currencyID="SAR">1255.80</cbc:RoundingAmount>
  </cac:TaxTotal>
  <cac:Item>
   <cbc:Name>Shan Black Pepper Powder (1000 GM * 10 Piece)</cbc:Name>
   <cac:ClassifiedTaxCategory>
    <cbc:ID>S</cbc:ID>
    <cbc:Percent>15.00</cbc:Percent>
    <cac:TaxScheme>
     <cbc:ID>VAT</cbc:ID>
    </cac:TaxScheme>
   </cac:ClassifiedTaxCategory>
  </cac:Item>
  <cac:Price>
   <cbc:PriceAmount currencyID="SAR">273.00</cbc:PriceAmount>
   <cac:AllowanceCharge>
        <cbc:ChargeIndicator>true</cbc:ChargeIndicator>
        <cbc:AllowanceChargeReason>discount</cbc:AllowanceChargeReason>
        <cbc:Amount currencyID="SAR">0.00</cbc:Amount>
    </cac:AllowanceCharge>
  </cac:Price>
 </cac:InvoiceLine>
</Invoice>
