<?xml version="1.0" encoding="UTF-8"?>
<Invoice xmlns="urn:oasis:names:specification:ubl:schema:xsd:Invoice-2"
    xmlns:cac="urn:oasis:names:specification:ubl:schema:xsd:CommonAggregateComponents-2"
    xmlns:cbc="urn:oasis:names:specification:ubl:schema:xsd:CommonBasicComponents-2"
    xmlns:ext="urn:oasis:names:specification:ubl:schema:xsd:CommonExtensionComponents-2">
    <ext:UBLExtensions>
        <ext:UBLExtension>
            <ext:ExtensionURI>urn:oasis:names:specification:ubl:dsig:enveloped:xades</ext:ExtensionURI>
            <ext:ExtensionContent>
                <sig:UBLDocumentSignatures
                    xmlns:sac="urn:oasis:names:specification:ubl:schema:xsd:SignatureAggregateComponents-2"
                    xmlns:sbc="urn:oasis:names:specification:ubl:schema:xsd:SignatureBasicComponents-2"
                    xmlns:sig="urn:oasis:names:specification:ubl:schema:xsd:CommonSignatureComponents-2">
                    <sac:SignatureInformation>
                        <cbc:ID>urn:oasis:names:specification:ubl:signature:1</cbc:ID>
                        <sbc:ReferencedSignatureID>urn:oasis:names:specification:ubl:signature:Invoice
                        </sbc:ReferencedSignatureID>
                        <ds:Signature Id="signature" xmlns:ds="http://www.w3.org/2000/09/xmldsig#">
                            <ds:SignedInfo>
                                <ds:CanonicalizationMethod Algorithm="http://www.w3.org/2006/12/xml-c14n11">
                                </ds:CanonicalizationMethod>
                                <ds:SignatureMethod Algorithm="http://www.w3.org/2001/04/xmldsig-more#ecdsa-sha256">
                                </ds:SignatureMethod>
                                <ds:Reference Id="invoiceSignedData" URI="">
                                    <ds:Transforms>
                                        <ds:Transform Algorithm="http://www.w3.org/TR/1999/REC-xpath-19991116">
                                            <ds:XPath>not(//ancestor-or-self::ext:UBLExtensions)</ds:XPath>
                                        </ds:Transform>
                                        <ds:Transform Algorithm="http://www.w3.org/TR/1999/REC-xpath-19991116">
                                            <ds:XPath>not(//ancestor-or-self::cac:Signature)</ds:XPath>
                                        </ds:Transform>
                                        <ds:Transform Algorithm="http://www.w3.org/TR/1999/REC-xpath-19991116">
                                            <ds:XPath>
                                                not(//ancestor-or-self::cac:AdditionalDocumentReference[cbc:ID='QR'])
                                            </ds:XPath>
                                        </ds:Transform>
                                        <ds:Transform Algorithm="http://www.w3.org/2006/12/xml-c14n11"></ds:Transform>
                                    </ds:Transforms>
                                    <ds:DigestMethod Algorithm="http://www.w3.org/2001/04/xmlenc#sha256">
                                    </ds:DigestMethod>
                                    <ds:DigestValue>sBgSgdtf+7vk3aV/3BAzRvBssc0d1EqWfYy+ae5pjhY=</ds:DigestValue>
                                </ds:Reference>
                                <ds:Reference Type="http://www.w3.org/2000/09/xmldsig#SignatureProperties"
                                    URI="#xadesSignedProperties">
                                    <ds:DigestMethod Algorithm="http://www.w3.org/2001/04/xmlenc#sha256">
                                    </ds:DigestMethod>
                                    <ds:DigestValue>
                                        YTEzNTFjOTA1YjRlN2JkNWRkYWQ2OGRjOGZlNzA4MjAwNTRiOTgyMTBmYWEwYmRlMGM3YzM0YmQ1YzQ1MTkyMA==
                                    </ds:DigestValue>
                                </ds:Reference>
                            </ds:SignedInfo>
                            <ds:SignatureValue>
                                MEYCIQD2JyjI4MLbCHykJsjUda0rxI5Vny1FOPoDDGjozSUa+wIhAOz+UoIywIouLFeW6oIORgQ5FBE8oTlELjm2cyDQUYiq
                            </ds:SignatureValue>
                            <ds:KeyInfo>
                                <ds:X509Data>
                                    <ds:X509Certificate>
                                        MIID2zCCA4CgAwIBAgITbwAAdqDmIhqsjpm5CwABAAB2oDAKBggqhkjOPQQDAjBjMRUwEwYKCZImiZPyLGQBGRYFbG9jYWwxEzARBgoJkiaJk/IsZAEZFgNnb3YxFzAVBgoJkiaJk/IsZAEZFgdleHRnYXp0MRwwGgYDVQQDExNUU1pFSU5WT0lDRS1TdWJDQS0xMB4XDTIyMDMyODE1NDYzMloXDTIyMDMzMDE1NDYzMlowTTELMAkGA1UEBhMCU0ExDjAMBgNVBAoTBUphcmlyMRowGAYDVQQLExFKZWRkYWggQnJhbmNoMTIzNDESMBAGA1UEAxMJMTI3LjAuMC4xMFYwEAYHKoZIzj0CAQYFK4EEAAoDQgAED/wb2lhBvBIC8CnnZvouo6OzRymymU9NWRhIyaMhGREBCEZB4EAVrBuV2xXixY4qBYf9dderzkW9Dwdo3IlHgqOCAiowggImMIGLBgNVHREEgYMwgYCkfjB8MRwwGgYDVQQEDBMyMjIyMjMyNDQ0MzQzamZmNDMyMR8wHQYKCZImiZPyLGQBAQwPMzEwMTc1Mzk3NDAwMDAzMQ0wCwYDVQQMDAQxMDExMREwDwYDVQQaDAhTYW1wbGUgRTEZMBcGA1UEDwwQU2FtcGxlIEJ1c3NpbmVzczAdBgNVHQ4EFgQUhWcsbbJhjD5ZWOkwBILC+wNVfKYwHwYDVR0jBBgwFoAUdmCM+wagrGdXNZ3PmqynK5k1tS8wTgYDVR0fBEcwRTBDoEGgP4Y9aHR0cDovL3RzdGNybC56YXRjYS5nb3Yuc2EvQ2VydEVucm9sbC9UU1pFSU5WT0lDRS1TdWJDQS0xLmNybDCBrQYIKwYBBQUHAQEEgaAwgZ0wbgYIKwYBBQUHMAGGYmh0dHA6Ly90c3RjcmwuemF0Y2EuZ292LnNhL0NlcnRFbnJvbGwvVFNaRWludm9pY2VTQ0ExLmV4dGdhenQuZ292LmxvY2FsX1RTWkVJTlZPSUNFLVN1YkNBLTEoMSkuY3J0MCsGCCsGAQUFBzABhh9odHRwOi8vdHN0Y3JsLnphdGNhLmdvdi5zYS9vY3NwMA4GA1UdDwEB/wQEAwIHgDAdBgNVHSUEFjAUBggrBgEFBQcDAgYIKwYBBQUHAwMwJwYJKwYBBAGCNxUKBBowGDAKBggrBgEFBQcDAjAKBggrBgEFBQcDAzAKBggqhkjOPQQDAgNJADBGAiEAyNhycQ3bNlLFdOPlqYT6RVQTWgnK1Gh0NHdcSY4PfC0CIQCSAthXvv7tetUL69Wjp8BxnLLMwerxZhBnewo/gF3EJA==
                                    </ds:X509Certificate>
                                </ds:X509Data>
                            </ds:KeyInfo>
                            <ds:Object>
                                <xades:QualifyingProperties Target="signature"
                                    xmlns:xades="http://uri.etsi.org/01903/v1.3.2#">
                                    <xades:SignedProperties xmlns:xades="http://uri.etsi.org/01903/v1.3.2#"
                                        Id="xadesSignedProperties">
                                        <xades:SignedSignatureProperties>
                                            <xades:SigningTime>2023-09-20T18:47:04</xades:SigningTime>
                                            <xades:SigningCertificate>
                                                <xades:Cert>
                                                    <xades:CertDigest>
                                                        <ds:DigestMethod
                                                            Algorithm="http://www.w3.org/2001/04/xmlenc#sha256">
                                                        </ds:DigestMethod>
                                                        <ds:DigestValue>
                                                            YjZiMDExZmMxM2U1MTk1OThlOTY3NTgxZDdmZTAzMTEzOThiNWFlZjc4YTUzMjE4MzUzNGVmM2FmZWZhNjg1Mw==
                                                        </ds:DigestValue>
                                                    </xades:CertDigest>
                                                    <xades:IssuerSerial>
                                                        <ds:X509IssuerName>
                                                            CN=TSZEINVOICE-SubCA-1,
                                                            DC=extgazt, DC=gov, DC=local
                                                        </ds:X509IssuerName>
                                                        <ds:X509SerialNumber>
                                                            2475382874721237824917694428717916599340791456
                                                        </ds:X509SerialNumber>
                                                    </xades:IssuerSerial>
                                                </xades:Cert>
                                            </xades:SigningCertificate>
                                        </xades:SignedSignatureProperties>
                                    </xades:SignedProperties>
                                </xades:QualifyingProperties>
                            </ds:Object>
                        </ds:Signature>
                    </sac:SignatureInformation>
                </sig:UBLDocumentSignatures>
            </ext:ExtensionContent>
        </ext:UBLExtension>
    </ext:UBLExtensions>
    <cbc:ProfileID>reporting:1.0</cbc:ProfileID>
    <cbc:ID>INV/00000155862</cbc:ID>
    <cbc:UUID>22933a7e-2e60-4aa3-9e2e-efbacea502ff</cbc:UUID>
    <cbc:IssueDate>2023-09-20</cbc:IssueDate>
    <cbc:IssueTime>18:47:04</cbc:IssueTime>
    <cbc:InvoiceTypeCode name="0200000">388</cbc:InvoiceTypeCode>
    <cbc:DocumentCurrencyCode>SAR</cbc:DocumentCurrencyCode>
    <cbc:TaxCurrencyCode>SAR</cbc:TaxCurrencyCode>

    <cac:ContractDocumentReference>
        <cbc:ID>15</cbc:ID>
    </cac:ContractDocumentReference>
    <cac:AdditionalDocumentReference>
        <cbc:ID>ICV</cbc:ID>
        <cbc:UUID>155862</cbc:UUID>
    </cac:AdditionalDocumentReference>
    <cac:AdditionalDocumentReference>
        <cbc:ID>PIH</cbc:ID>
        <cac:Attachment>
            <cbc:EmbeddedDocumentBinaryObject mimeCode="text/plain">X+zrZv/IbzjZUnhsbWlsecLbwjndTpG0ZynXOif7V+k=
            </cbc:EmbeddedDocumentBinaryObject>
        </cac:Attachment>
    </cac:AdditionalDocumentReference>
    <cac:AdditionalDocumentReference>
        <cbc:ID>QR</cbc:ID>
        <cac:Attachment>
            <cbc:EmbeddedDocumentBinaryObject mimeCode="text/plain">
                ARtFTVRZQVogRk9SIENBVEVSSU5HIENPTVBBTlkCDzMwMDA2Njg4OTQwMDAwMwMUMjAyMy0wOS0yMFQxODo0NzowNFoEBzE5NjYuNTAFBjI1Ni41MAYsc0JnU2dkdGYrN3ZrM2FWLzNCQXpSdkJzc2MwZDFFcVdmWXkrYWU1cGpoWT0HYE1FWUNJUUQySnlqSTRNTGJDSHlrSnNqVWRhMHJ4STVWbnkxRk9Qb0RER2pvelNVYSt3SWhBT3orVW9JeXdJb3VMRmVXNm9JT1JnUTVGQkU4b1RsRUxqbTJjeURRVVlpcQhYMFYwEAYHKoZIzj0CAQYFK4EEAAoDQgAED/wb2lhBvBIC8CnnZvouo6OzRymymU9NWRhIyaMhGREBCEZB4EAVrBuV2xXixY4qBYf9dderzkW9Dwdo3IlHgglIMEYCIQDI2HJxDds2UsV04+WphPpFVBNaCcrUaHQ0d1xJjg98LQIhAJIC2Fe+/u161Qvr1aOnwHGcsszB6vFmEGd7Cj+AXcQk
            </cbc:EmbeddedDocumentBinaryObject>
        </cac:Attachment>
    </cac:AdditionalDocumentReference>
    <cac:Signature>
        <cbc:ID>urn:oasis:names:specification:ubl:signature:Invoice</cbc:ID>
        <cbc:SignatureMethod>urn:oasis:names:specification:ubl:dsig:enveloped:xades</cbc:SignatureMethod>
    </cac:Signature>
    <cac:AccountingSupplierParty>
        <cac:Party>
            <cac:PartyIdentification>
                <cbc:ID schemeID="CRN">300066889400003</cbc:ID>
            </cac:PartyIdentification>
            <cac:PostalAddress>
                <cbc:StreetName>Al Azizia Behind Mass Transit</cbc:StreetName>
                <cbc:BuildingNumber>2929</cbc:BuildingNumber>
                <cbc:PlotIdentification>2929</cbc:PlotIdentification>
                <cbc:CitySubdivisionName>Riyadh</cbc:CitySubdivisionName>
                <cbc:CityName>Riyadh</cbc:CityName>
                <cbc:PostalZone>23344</cbc:PostalZone>
                <cac:Country>
                    <cbc:IdentificationCode>SA</cbc:IdentificationCode>
                </cac:Country>
            </cac:PostalAddress>
            <cac:PartyTaxScheme>
                <cbc:CompanyID>300066889400003</cbc:CompanyID>
                <cac:TaxScheme>
                    <cbc:ID>VAT</cbc:ID>
                </cac:TaxScheme>
            </cac:PartyTaxScheme>
            <cac:PartyLegalEntity>
                <cbc:RegistrationName>EMTYAZ FOR CATERING COMPANY</cbc:RegistrationName>
            </cac:PartyLegalEntity>
        </cac:Party>
    </cac:AccountingSupplierParty>
    <cac:AccountingCustomerParty>
    </cac:AccountingCustomerParty>
    <cac:Delivery>
        <cbc:ActualDeliveryDate>2023-09-20</cbc:ActualDeliveryDate>
    </cac:Delivery>
    <cac:PaymentMeans>
        <cbc:PaymentMeansCode>10</cbc:PaymentMeansCode>


    </cac:PaymentMeans>

    <cac:TaxTotal>
        <cbc:TaxAmount currencyID="SAR">256.50</cbc:TaxAmount>
        <cac:TaxSubtotal>
            <cbc:TaxableAmount currencyID="SAR">1710.00</cbc:TaxableAmount>
            <cbc:TaxAmount currencyID="SAR">256.50</cbc:TaxAmount>
            <cac:TaxCategory>
                <cbc:ID schemeAgencyID="6" schemeID="UN/ECE 5305">S</cbc:ID>
                <cbc:Percent>15.00</cbc:Percent>
                <cac:TaxScheme>
                    <cbc:ID schemeAgencyID="6" schemeID="UN/ECE 5153">VAT</cbc:ID>
                </cac:TaxScheme>
            </cac:TaxCategory>
        </cac:TaxSubtotal>

    </cac:TaxTotal>
    <cac:TaxTotal>
        <cbc:TaxAmount currencyID="SAR">256.50</cbc:TaxAmount>
    </cac:TaxTotal>
    <cac:LegalMonetaryTotal>
        <cbc:LineExtensionAmount currencyID="SAR">1710.00</cbc:LineExtensionAmount>
        <cbc:TaxExclusiveAmount currencyID="SAR">1710.00</cbc:TaxExclusiveAmount>
        <cbc:TaxInclusiveAmount currencyID="SAR">1966.50</cbc:TaxInclusiveAmount>
        <cbc:AllowanceTotalAmount currencyID="SAR">0</cbc:AllowanceTotalAmount>
        <cbc:PrepaidAmount currencyID="SAR">0</cbc:PrepaidAmount>
        <cbc:PayableAmount currencyID="SAR">1966.50</cbc:PayableAmount>
    </cac:LegalMonetaryTotal>
    <cac:InvoiceLine>
        <cbc:ID>1</cbc:ID>
        <cbc:InvoicedQuantity unitCode="PCE">1</cbc:InvoicedQuantity>
        <cbc:LineExtensionAmount currencyID="SAR">108.00</cbc:LineExtensionAmount>
        <cac:TaxTotal>
            <cbc:TaxAmount currencyID="SAR">16.20</cbc:TaxAmount>
            <cbc:RoundingAmount currencyID="SAR">124.20</cbc:RoundingAmount>
        </cac:TaxTotal>
        <cac:Item>
            <cbc:Name>Almarai Pure Butter Ghee (400 GM * 6 Piece)</cbc:Name>
            <cac:ClassifiedTaxCategory>
                <cbc:ID>S</cbc:ID>
                <cbc:Percent>15.00</cbc:Percent>
                <cac:TaxScheme>
                    <cbc:ID>VAT</cbc:ID>
                </cac:TaxScheme>
            </cac:ClassifiedTaxCategory>
        </cac:Item>
        <cac:Price>
            <cbc:PriceAmount currencyID="SAR">108.00</cbc:PriceAmount>
            <cac:AllowanceCharge>
                <cbc:ChargeIndicator>false</cbc:ChargeIndicator>
                <cbc:AllowanceChargeReason>Discount</cbc:AllowanceChargeReason>
                <cbc:Amount currencyID="SAR">0.00</cbc:Amount>
            </cac:AllowanceCharge>

        </cac:Price>
    </cac:InvoiceLine>
    <cac:InvoiceLine>
        <cbc:ID>2</cbc:ID>
        <cbc:InvoicedQuantity unitCode="PCE">1</cbc:InvoicedQuantity>
        <cbc:LineExtensionAmount currencyID="SAR">68.00</cbc:LineExtensionAmount>
        <cac:TaxTotal>
            <cbc:TaxAmount currencyID="SAR">10.20</cbc:TaxAmount>
            <cbc:RoundingAmount currencyID="SAR">78.20</cbc:RoundingAmount>
        </cac:TaxTotal>
        <cac:Item>
            <cbc:Name>Saudia Tomato Paste (135 GM * 48 Piece)</cbc:Name>
            <cac:ClassifiedTaxCategory>
                <cbc:ID>S</cbc:ID>
                <cbc:Percent>15.00</cbc:Percent>
                <cac:TaxScheme>
                    <cbc:ID>VAT</cbc:ID>
                </cac:TaxScheme>
            </cac:ClassifiedTaxCategory>
        </cac:Item>
        <cac:Price>
            <cbc:PriceAmount currencyID="SAR">68.00</cbc:PriceAmount>
            <cac:AllowanceCharge>
                <cbc:ChargeIndicator>false</cbc:ChargeIndicator>
                <cbc:AllowanceChargeReason>Discount</cbc:AllowanceChargeReason>
                <cbc:Amount currencyID="SAR">0.00</cbc:Amount>
            </cac:AllowanceCharge>

        </cac:Price>
    </cac:InvoiceLine>
    <cac:InvoiceLine>
        <cbc:ID>3</cbc:ID>
        <cbc:InvoicedQuantity unitCode="PCE">1</cbc:InvoicedQuantity>
        <cbc:LineExtensionAmount currencyID="SAR">92.00</cbc:LineExtensionAmount>
        <cac:TaxTotal>
            <cbc:TaxAmount currencyID="SAR">13.80</cbc:TaxAmount>
            <cbc:RoundingAmount currencyID="SAR">105.80</cbc:RoundingAmount>
        </cac:TaxTotal>
        <cac:Item>
            <cbc:Name>Shams Sunflower Oil (1.5 LI * 6.00 Piece)</cbc:Name>
            <cac:ClassifiedTaxCategory>
                <cbc:ID>S</cbc:ID>
                <cbc:Percent>15.00</cbc:Percent>
                <cac:TaxScheme>
                    <cbc:ID>VAT</cbc:ID>
                </cac:TaxScheme>
            </cac:ClassifiedTaxCategory>
        </cac:Item>
        <cac:Price>
            <cbc:PriceAmount currencyID="SAR">92.00</cbc:PriceAmount>
            <cac:AllowanceCharge>
                <cbc:ChargeIndicator>false</cbc:ChargeIndicator>
                <cbc:AllowanceChargeReason>Discount</cbc:AllowanceChargeReason>
                <cbc:Amount currencyID="SAR">0.00</cbc:Amount>
            </cac:AllowanceCharge>

        </cac:Price>
    </cac:InvoiceLine>
    <cac:InvoiceLine>
        <cbc:ID>4</cbc:ID>
        <cbc:InvoicedQuantity unitCode="PCE">2</cbc:InvoicedQuantity>
        <cbc:LineExtensionAmount currencyID="SAR">350.00</cbc:LineExtensionAmount>
        <cac:TaxTotal>
            <cbc:TaxAmount currencyID="SAR">52.50</cbc:TaxAmount>
            <cbc:RoundingAmount currencyID="SAR">402.50</cbc:RoundingAmount>
        </cac:TaxTotal>
        <cac:Item>
            <cbc:Name>Freshly Nacho Sliced Jalapeno Peppers (3.8 KG * 4 Piece)</cbc:Name>
            <cac:ClassifiedTaxCategory>
                <cbc:ID>S</cbc:ID>
                <cbc:Percent>15.00</cbc:Percent>
                <cac:TaxScheme>
                    <cbc:ID>VAT</cbc:ID>
                </cac:TaxScheme>
            </cac:ClassifiedTaxCategory>
        </cac:Item>
        <cac:Price>
            <cbc:PriceAmount currencyID="SAR">175.00</cbc:PriceAmount>
            <cac:AllowanceCharge>
                <cbc:ChargeIndicator>false</cbc:ChargeIndicator>
                <cbc:AllowanceChargeReason>Discount</cbc:AllowanceChargeReason>
                <cbc:Amount currencyID="SAR">0.00</cbc:Amount>
            </cac:AllowanceCharge>

        </cac:Price>
    </cac:InvoiceLine>
    <cac:InvoiceLine>
        <cbc:ID>5</cbc:ID>
        <cbc:InvoicedQuantity unitCode="PCE">4</cbc:InvoicedQuantity>
        <cbc:LineExtensionAmount currencyID="SAR">1092.00</cbc:LineExtensionAmount>
        <cac:TaxTotal>
            <cbc:TaxAmount currencyID="SAR">163.80</cbc:TaxAmount>
            <cbc:RoundingAmount currencyID="SAR">1255.80</cbc:RoundingAmount>
        </cac:TaxTotal>
        <cac:Item>
            <cbc:Name>Shan Black Pepper Powder (1000 GM * 10 Piece)</cbc:Name>
            <cac:ClassifiedTaxCategory>
                <cbc:ID>S</cbc:ID>
                <cbc:Percent>15.00</cbc:Percent>
                <cac:TaxScheme>
                    <cbc:ID>VAT</cbc:ID>
                </cac:TaxScheme>
            </cac:ClassifiedTaxCategory>
        </cac:Item>
        <cac:Price>
            <cbc:PriceAmount currencyID="SAR">273.00</cbc:PriceAmount>
            <cac:AllowanceCharge>
                <cbc:ChargeIndicator>false</cbc:ChargeIndicator>
                <cbc:AllowanceChargeReason>Discount</cbc:AllowanceChargeReason>
                <cbc:Amount currencyID="SAR">0.00</cbc:Amount>
            </cac:AllowanceCharge>

        </cac:Price>
    </cac:InvoiceLine>

</Invoice>